<?xml version="1.0" encoding="UTF-8"?>
<!-- Generated by org.testng.reporters.JUnitReportReporter -->
<testsuite hostname="DESKTOP-0EJ8PRH" failures="0" tests="1" name="script.ValidLogin" time="8.464" errors="0" timestamp="2025-01-09T06:11:25 IST" skipped="0">
  <testcase classname="script.ValidLogin" name="testValidLogin" time="8.464">
    <system-out>
      <![CDATA[HomePage is Displayed]]>
    </system-out>
  </testcase> <!-- testValidLogin -->
  <system-out>
    <![CDATA[Read data from property file:./config.properties
Open Chrome Browser in Local System
Enter the URL:https://pos.aksharatraining.in/pos/public/
Maximize the browser
Set ITO:9
Set ETO:7
HomePage is Displayed
Close the Browser]]>
  </system-out>
</testsuite> <!-- script.ValidLogin -->
