<?xml version="1.0" encoding="UTF-8"?>
<!-- Generated by org.testng.reporters.JUnitReportReporter -->
<testsuite hostname="DESKTOP-0EJ8PRH" failures="0" tests="1" name="script.DemoTest" time="9.473" errors="0" timestamp="2025-01-08T06:47:17 IST" skipped="0">
  <testcase classname="script.DemoTest" name="testDemo" time="9.473">
    <system-out>
      <![CDATA[test Demo:S kart | OSPOS | Login
Excel Data:akshara]]>
    </system-out>
  </testcase> <!-- testDemo -->
  <system-out>
    <![CDATA[Read data from property file:./config.properties
Open Chrome Browser in Local System
Enter the URL:https://pos.aksharatraining.in/pos/public/
Maximize the browser
Set ITO:9
Set ETO:7
test Demo:S kart | OSPOS | Login
Excel Data:akshara
Close the Browser]]>
  </system-out>
</testsuite> <!-- script.DemoTest -->
