<?xml version="1.0" encoding="UTF-8"?>
<!-- Generated by org.testng.reporters.JUnitReportReporter -->
<testsuite hostname="DESKTOP-0EJ8PRH" failures="0" tests="1" name="script.InvalidLogin" time="7.276" errors="0" timestamp="2025-01-10T06:13:08 IST" skipped="0">
  <testcase classname="script.InvalidLogin" name="testInvalidLogin" time="7.276">
    <system-out>
      <![CDATA[Err Msg is Displayed]]>
    </system-out>
  </testcase> <!-- testInvalidLogin -->
  <system-out>
    <![CDATA[Read data from property file:./config.properties
Open Chrome Browser in Local System
Enter the URL:https://pos.aksharatraining.in/pos/public/
Maximize the browser
Set ITO:9
Set ETO:7
Err Msg is Displayed
Close the Browser]]>
  </system-out>
</testsuite> <!-- script.InvalidLogin -->
