<?xml version="1.0" encoding="UTF-8"?>
<!-- Generated by org.testng.reporters.JUnitReportReporter -->
<testsuite hostname="DESKTOP-0EJ8PRH" failures="0" tests="1" name="script.DemoTest" time="7.303" errors="0" timestamp="2025-01-07T07:14:02 IST" skipped="0">
  <testcase classname="script.DemoTest" name="testDemo" time="7.303">
    <system-out>
      <![CDATA[test Demo:Facebook – log in or sign up
Excel Data:akshara]]>
    </system-out>
  </testcase> <!-- testDemo -->
  <system-out>
    <![CDATA[Read data from property file:./qa.properties
Open Edge Browser in Local System
Enter the URL:http://www.fb.com
Maximize the browser
Set ITO:9
Set ETO:7
test Demo:Facebook – log in or sign up
Excel Data:akshara
Close the Browser]]>
  </system-out>
</testsuite> <!-- script.DemoTest -->
